/data/run01/scw9728/RuichenNi/SemLA/model/utils.py:235: RuntimeWarning: More than 20 figures have been opened. Figures created through the pyplot interface (`matplotlib.pyplot.figure`) are retained until explicitly closed and may consume too much memory. (To control this warning, see the rcParam `figure.max_open_warning`). Consider using `matplotlib.pyplot.close()`.
  fig, axes = plt.subplots(1,3, figsize=(15, 6), dpi=dpi)
Load Images Successfully! Preparing for matching...
Starting to match images...
--------------------------------------------
103.jpg Pair Preparing...
103.jpg Pair Matched Successfully!
10.jpg Pair Preparing...
10.jpg Pair Matched Successfully!
58.jpg Pair Preparing...
58.jpg Pair Matched Successfully!
47.jpg Pair Preparing...
47.jpg Pair Matched Successfully!
84.jpg Pair Preparing...
84.jpg Pair Matched Successfully!
179.jpg Pair Preparing...
179.jpg Pair Matched Successfully!
9.jpg Pair Preparing...
9.jpg Pair Matched Successfully!
89.jpg Pair Preparing...
89.jpg Pair Matched Successfully!
195.jpg Pair Preparing...
195.jpg Pair Matched Successfully!
72.jpg Pair Preparing...
72.jpg Pair Matched Successfully!
90.jpg Pair Preparing...
90.jpg Pair Matched Successfully!
69.jpg Pair Preparing...
69.jpg Pair Matched Successfully!
13.jpg Pair Preparing...
13.jpg Pair Matched Successfully!
173.jpg Pair Preparing...
173.jpg Pair Matched Successfully!
105.jpg Pair Preparing...
105.jpg Pair Matched Successfully!
178.jpg Pair Preparing...
178.jpg Pair Matched Successfully!
149.jpg Pair Preparing...
149.jpg Pair Matched Successfully!
91.jpg Pair Preparing...
91.jpg Pair Matched Successfully!
106.jpg Pair Preparing...
106.jpg Pair Matched Successfully!
48.jpg Pair Preparing...
48.jpg Pair Matched Successfully!
204.jpg Pair Preparing...
204.jpg Pair Matched Successfully!
202.jpg Pair Preparing...
202.jpg Pair Matched Successfully!
64.jpg Pair Preparing...
64.jpg Pair Matched Successfully!
56.jpg Pair Preparing...
56.jpg Pair Matched Successfully!
108.jpg Pair Preparing...
108.jpg Pair Matched Successfully!
33.jpg Pair Preparing...
33.jpg Pair Matched Successfully!
60.jpg Pair Preparing...
60.jpg Pair Matched Successfully!
3.jpg Pair Preparing...
3.jpg Pair Matched Successfully!
4.jpg Pair Preparing...
4.jpg Pair Matched Successfully!
15.jpg Pair Preparing...
15.jpg Pair Matched Successfully!
61.jpg Pair Preparing...
61.jpg Pair Matched Successfully!
194.jpg Pair Preparing...
194.jpg Pair Matched Successfully!
217.jpg Pair Preparing...
217.jpg Pair Matched Successfully!
100.jpg Pair Preparing...
100.jpg Pair Matched Successfully!
25.jpg Pair Preparing...
25.jpg Pair Matched Successfully!
21.jpg Pair Preparing...
21.jpg Pair Matched Successfully!
67.jpg Pair Preparing...
67.jpg Pair Matched Successfully!
211.jpg Pair Preparing...
211.jpg Pair Matched Successfully!
37.jpg Pair Preparing...
37.jpg Pair Matched Successfully!
35.jpg Pair Preparing...
35.jpg Pair Matched Successfully!
134.jpg Pair Preparing...
134.jpg Pair Matched Successfully!
139.jpg Pair Preparing...
139.jpg Pair Matched Successfully!
129.jpg Pair Preparing...
129.jpg Pair Matched Successfully!
127.jpg Pair Preparing...
127.jpg Pair Matched Successfully!
126.jpg Pair Preparing...
126.jpg Pair Matched Successfully!
198.jpg Pair Preparing...
198.jpg Pair Matched Successfully!
79.jpg Pair Preparing...
79.jpg Pair Matched Successfully!
12.jpg Pair Preparing...
12.jpg Pair Matched Successfully!
154.jpg Pair Preparing...
154.jpg Pair Matched Successfully!
140.jpg Pair Preparing...
140.jpg Pair Matched Successfully!
215.jpg Pair Preparing...
215.jpg Pair Matched Successfully!
28.jpg Pair Preparing...
28.jpg Pair Matched Successfully!
220.jpg Pair Preparing...
220.jpg Pair Matched Successfully!
73.jpg Pair Preparing...
73.jpg Pair Matched Successfully!
23.jpg Pair Preparing...
23.jpg Pair Matched Successfully!
39.jpg Pair Preparing...
39.jpg Pair Matched Successfully!
38.jpg Pair Preparing...
38.jpg Pair Matched Successfully!
41.jpg Pair Preparing...
41.jpg Pair Matched Successfully!
193.jpg Pair Preparing...
193.jpg Pair Matched Successfully!
169.jpg Pair Preparing...
169.jpg Pair Matched Successfully!
142.jpg Pair Preparing...
142.jpg Pair Matched Successfully!
118.jpg Pair Preparing...
118.jpg Pair Matched Successfully!
119.jpg Pair Preparing...
119.jpg Pair Matched Successfully!
180.jpg Pair Preparing...
180.jpg Pair Matched Successfully!
146.jpg Pair Preparing...
146.jpg Pair Matched Successfully!
190.jpg Pair Preparing...
190.jpg Pair Matched Successfully!
161.jpg Pair Preparing...
161.jpg Pair Matched Successfully!
137.jpg Pair Preparing...
137.jpg Pair Matched Successfully!
26.jpg Pair Preparing...
26.jpg Pair Matched Successfully!
75.jpg Pair Preparing...
75.jpg Pair Matched Successfully!
187.jpg Pair Preparing...
187.jpg Pair Matched Successfully!
92.jpg Pair Preparing...
92.jpg Pair Matched Successfully!
197.jpg Pair Preparing...
197.jpg Pair Matched Successfully!
18.jpg Pair Preparing...
18.jpg Pair Matched Successfully!
86.jpg Pair Preparing...
86.jpg Pair Matched Successfully!
206.jpg Pair Preparing...
206.jpg Pair Matched Successfully!
218.jpg Pair Preparing...
218.jpg Pair Matched Successfully!
27.jpg Pair Preparing...
27.jpg Pair Matched Successfully!
132.jpg Pair Preparing...
132.jpg Pair Matched Successfully!
199.jpg Pair Preparing...
199.jpg Pair Matched Successfully!
36.jpg Pair Preparing...
36.jpg Pair Matched Successfully!
131.jpg Pair Preparing...
131.jpg Pair Matched Successfully!
208.jpg Pair Preparing...
208.jpg Pair Matched Successfully!
19.jpg Pair Preparing...
19.jpg Pair Matched Successfully!
181.jpg Pair Preparing...
181.jpg Pair Matched Successfully!
46.jpg Pair Preparing...
46.jpg Pair Matched Successfully!
147.jpg Pair Preparing...
147.jpg Pair Matched Successfully!
65.jpg Pair Preparing...
65.jpg Pair Matched Successfully!
158.jpg Pair Preparing...
158.jpg Pair Matched Successfully!
83.jpg Pair Preparing...
83.jpg Pair Matched Successfully!
164.jpg Pair Preparing...
164.jpg Pair Matched Successfully!
205.jpg Pair Preparing...
205.jpg Pair Matched Successfully!
81.jpg Pair Preparing...
81.jpg Pair Matched Successfully!
196.jpg Pair Preparing...
196.jpg Pair Matched Successfully!
155.jpg Pair Preparing...
155.jpg Pair Matched Successfully!
121.jpg Pair Preparing...
121.jpg Pair Matched Successfully!
14.jpg Pair Preparing...
14.jpg Pair Matched Successfully!
29.jpg Pair Preparing...
29.jpg Pair Matched Successfully!
172.jpg Pair Preparing...
172.jpg Pair Matched Successfully!
62.jpg Pair Preparing...
62.jpg Pair Matched Successfully!
8.jpg Pair Preparing...
8.jpg Pair Matched Successfully!
152.jpg Pair Preparing...
152.jpg Pair Matched Successfully!
45.jpg Pair Preparing...
45.jpg Pair Matched Successfully!
104.jpg Pair Preparing...
104.jpg Pair Matched Successfully!
53.jpg Pair Preparing...
53.jpg Pair Matched Successfully!
49.jpg Pair Preparing...
49.jpg Pair Matched Successfully!
114.jpg Pair Preparing...
114.jpg Pair Matched Successfully!
185.jpg Pair Preparing...
185.jpg Pair Matched Successfully!
87.jpg Pair Preparing...
87.jpg Pair Matched Successfully!
109.jpg Pair Preparing...
109.jpg Pair Matched Successfully!
163.jpg Pair Preparing...
163.jpg Pair Matched Successfully!
22.jpg Pair Preparing...
22.jpg Pair Matched Successfully!
141.jpg Pair Preparing...
141.jpg Pair Matched Successfully!
128.jpg Pair Preparing...
128.jpg Pair Matched Successfully!
122.jpg Pair Preparing...
122.jpg Pair Matched Successfully!
148.jpg Pair Preparing...
148.jpg Pair Matched Successfully!
175.jpg Pair Preparing...
175.jpg Pair Matched Successfully!
17.jpg Pair Preparing...
17.jpg Pair Matched Successfully!
160.jpg Pair Preparing...
160.jpg Pair Matched Successfully!
123.jpg Pair Preparing...
123.jpg Pair Matched Successfully!
200.jpg Pair Preparing...
200.jpg Pair Matched Successfully!
209.jpg Pair Preparing...
209.jpg Pair Matched Successfully!
189.jpg Pair Preparing...
189.jpg Pair Matched Successfully!
99.jpg Pair Preparing...
99.jpg Pair Matched Successfully!
111.jpg Pair Preparing...
111.jpg Pair Matched Successfully!
138.jpg Pair Preparing...
138.jpg Pair Matched Successfully!
174.jpg Pair Preparing...
174.jpg Pair Matched Successfully!
98.jpg Pair Preparing...
98.jpg Pair Matched Successfully!
42.jpg Pair Preparing...
42.jpg Pair Matched Successfully!
77.jpg Pair Preparing...
77.jpg Pair Matched Successfully!
184.jpg Pair Preparing...
184.jpg Pair Matched Successfully!
59.jpg Pair Preparing...
59.jpg Pair Matched Successfully!
120.jpg Pair Preparing...
120.jpg Pair Matched Successfully!
115.jpg Pair Preparing...
115.jpg Pair Matched Successfully!
144.jpg Pair Preparing...
144.jpg Pair Matched Successfully!
63.jpg Pair Preparing...
63.jpg Pair Matched Successfully!
159.jpg Pair Preparing...
159.jpg Pair Matched Successfully!
214.jpg Pair Preparing...
214.jpg Pair Matched Successfully!
219.jpg Pair Preparing...
219.jpg Pair Matched Successfully!
133.jpg Pair Preparing...
133.jpg Pair Matched Successfully!
136.jpg Pair Preparing...
136.jpg Pair Matched Successfully!
5.jpg Pair Preparing...
5.jpg Pair Matched Successfully!
43.jpg Pair Preparing...
43.jpg Pair Matched Successfully!
20.jpg Pair Preparing...
20.jpg Pair Matched Successfully!
80.jpg Pair Preparing...
80.jpg Pair Matched Successfully!
76.jpg Pair Preparing...
76.jpg Pair Matched Successfully!
166.jpg Pair Preparing...
166.jpg Pair Matched Successfully!
177.jpg Pair Preparing...
177.jpg Pair Matched Successfully!
74.jpg Pair Preparing...
74.jpg Pair Matched Successfully!
135.jpg Pair Preparing...
135.jpg Pair Matched Successfully!
40.jpg Pair Preparing...
40.jpg Pair Matched Successfully!
93.jpg Pair Preparing...
93.jpg Pair Matched Successfully!
1.jpg Pair Preparing...
1.jpg Pair Matched Successfully!
188.jpg Pair Preparing...
188.jpg Pair Matched Successfully!
96.jpg Pair Preparing...
96.jpg Pair Matched Successfully!
44.jpg Pair Preparing...
44.jpg Pair Matched Successfully!
221.jpg Pair Preparing...
221.jpg Pair Matched Successfully!
7.jpg Pair Preparing...
7.jpg Pair Matched Successfully!
2.jpg Pair Preparing...
2.jpg Pair Matched Successfully!
52.jpg Pair Preparing...
52.jpg Pair Matched Successfully!
216.jpg Pair Preparing...
216.jpg Pair Matched Successfully!
150.jpg Pair Preparing...
150.jpg Pair Matched Successfully!
210.jpg Pair Preparing...
210.jpg Pair Matched Successfully!
31.jpg Pair Preparing...
31.jpg Pair Matched Successfully!
51.jpg Pair Preparing...
51.jpg Pair Matched Successfully!
162.jpg Pair Preparing...
162.jpg Pair Matched Successfully!
191.jpg Pair Preparing...
191.jpg Pair Matched Successfully!
145.jpg Pair Preparing...
145.jpg Pair Matched Successfully!
183.jpg Pair Preparing...
183.jpg Pair Matched Successfully!
34.jpg Pair Preparing...
34.jpg Pair Matched Successfully!
186.jpg Pair Preparing...
186.jpg Pair Matched Successfully!
156.jpg Pair Preparing...
156.jpg Pair Matched Successfully!
50.jpg Pair Preparing...
50.jpg Pair Matched Successfully!
55.jpg Pair Preparing...
55.jpg Pair Matched Successfully!
85.jpg Pair Preparing...
85.jpg Pair Matched Successfully!
54.jpg Pair Preparing...
54.jpg Pair Matched Successfully!
88.jpg Pair Preparing...
88.jpg Pair Matched Successfully!
11.jpg Pair Preparing...
11.jpg Pair Matched Successfully!
101.jpg Pair Preparing...
101.jpg Pair Matched Successfully!
71.jpg Pair Preparing...
71.jpg Pair Matched Successfully!
32.jpg Pair Preparing...
32.jpg Pair Matched Successfully!
151.jpg Pair Preparing...
151.jpg Pair Matched Successfully!
168.jpg Pair Preparing...
168.jpg Pair Matched Successfully!
125.jpg Pair Preparing...
125.jpg Pair Matched Successfully!
213.jpg Pair Preparing...
213.jpg Pair Matched Successfully!
117.jpg Pair Preparing...
117.jpg Pair Matched Successfully!
113.jpg Pair Preparing...
113.jpg Pair Matched Successfully!
171.jpg Pair Preparing...
171.jpg Pair Matched Successfully!
130.jpg Pair Preparing...
130.jpg Pair Matched Successfully!
192.jpg Pair Preparing...
192.jpg Pair Matched Successfully!
94.jpg Pair Preparing...
94.jpg Pair Matched Successfully!
207.jpg Pair Preparing...
207.jpg Pair Matched Successfully!
110.jpg Pair Preparing...
110.jpg Pair Matched Successfully!
170.jpg Pair Preparing...
170.jpg Pair Matched Successfully!
201.jpg Pair Preparing...
201.jpg Pair Matched Successfully!
116.jpg Pair Preparing...
116.jpg Pair Matched Successfully!
16.jpg Pair Preparing...
16.jpg Pair Matched Successfully!
153.jpg Pair Preparing...
153.jpg Pair Matched Successfully!
143.jpg Pair Preparing...
143.jpg Pair Matched Successfully!
6.jpg Pair Preparing...
6.jpg Pair Matched Successfully!
57.jpg Pair Preparing...
57.jpg Pair Matched Successfully!
203.jpg Pair Preparing...
203.jpg Pair Matched Successfully!
124.jpg Pair Preparing...
124.jpg Pair Matched Successfully!
102.jpg Pair Preparing...
102.jpg Pair Matched Successfully!
176.jpg Pair Preparing...
176.jpg Pair Matched Successfully!
97.jpg Pair Preparing...
97.jpg Pair Matched Successfully!
70.jpg Pair Preparing...
70.jpg Pair Matched Successfully!
66.jpg Pair Preparing...
66.jpg Pair Matched Successfully!
82.jpg Pair Preparing...
82.jpg Pair Matched Successfully!
157.jpg Pair Preparing...
157.jpg Pair Matched Successfully!
165.jpg Pair Preparing...
165.jpg Pair Matched Successfully!
167.jpg Pair Preparing...
167.jpg Pair Matched Successfully!
182.jpg Pair Preparing...
182.jpg Pair Matched Successfully!
30.jpg Pair Preparing...
30.jpg Pair Matched Successfully!
95.jpg Pair Preparing...
95.jpg Pair Matched Successfully!
107.jpg Pair Preparing...
107.jpg Pair Matched Successfully!
112.jpg Pair Preparing...
112.jpg Pair Matched Successfully!
212.jpg Pair Preparing...
212.jpg Pair Matched Successfully!
78.jpg Pair Preparing...
78.jpg Pair Matched Successfully!
24.jpg Pair Preparing...
24.jpg Pair Matched Successfully!
68.jpg Pair Preparing...
68.jpg Pair Matched Successfully!
